# JRE version: OpenJDK Runtime Environment (8.0_242-b01) (build 1.8.0_242-release-1644-b01)
# Java VM: OpenJDK 64-Bit Server VM (25.242-b01 mixed mode windows-amd64 compressed oops)
Heap:
 PSYoungGen      total 386560K, used 69193K [0x00000000d5580000, 0x00000000f5180000, 0x0000000100000000)
  eden space 363008K, 12% used [0x00000000d5580000,0x00000000d82dc3d8,0x00000000eb800000)
  from space 23552K, 96% used [0x00000000eb800000,0x00000000ece36080,0x00000000ecf00000)
  to   space 26624K, 0% used [0x00000000f3780000,0x00000000f3780000,0x00000000f5180000)
 ParOldGen       total 157696K, used 53836K [0x0000000080000000, 0x0000000089a00000, 0x00000000d5580000)
  object space 157696K, 34% used [0x0000000080000000,0x0000000083493178,0x0000000089a00000)
 Metaspace       used 79997K, capacity 84032K, committed 84184K, reserved 1122304K
  class space    used 10885K, capacity 11701K, committed 11776K, reserved 1048576K
GC Heap History (10 events):
Event: 25.555 GC heap before
{Heap before GC invocations=12 (full 2):
 PSYoungGen      total 219136K, used 35841K [0x00000000d5580000, 0x00000000e8880000, 0x0000000100000000)
  eden space 206336K, 11% used [0x00000000d5580000,0x00000000d6c03298,0x00000000e1f00000)
  from space 12800K, 99% used [0x00000000e1f00000,0x00000000e2b7d320,0x00000000e2b80000)
  to   space 19968K, 0% used [0x00000000e7500000,0x00000000e7500000,0x00000000e8880000)
 ParOldGen       total 113664K, used 28161K [0x0000000080000000, 0x0000000086f00000, 0x00000000d5580000)
  object space 113664K, 24% used [0x0000000080000000,0x0000000081b80660,0x0000000086f00000)
 Metaspace       used 56497K, capacity 58984K, committed 59028K, reserved 1099776K
  class space    used 7670K, capacity 8177K, committed 8192K, reserved 1048576K
Event: 25.739 GC heap after
Heap after GC invocations=12 (full 2):
 PSYoungGen      total 294912K, used 11480K [0x00000000d5580000, 0x00000000ea900000, 0x0000000100000000)
  eden space 274944K, 0% used [0x00000000d5580000,0x00000000d5580000,0x00000000e6200000)
  from space 19968K, 57% used [0x00000000e7500000,0x00000000e8036018,0x00000000e8880000)
  to   space 19456K, 0% used [0x00000000e6200000,0x00000000e6200000,0x00000000e7500000)
 ParOldGen       total 113664K, used 31979K [0x0000000080000000, 0x0000000086f00000, 0x00000000d5580000)
  object space 113664K, 28% used [0x0000000080000000,0x0000000081f3ad80,0x0000000086f00000)
 Metaspace       used 56497K, capacity 58984K, committed 59028K, reserved 1099776K
  class space    used 7670K, capacity 8177K, committed 8192K, reserved 1048576K
}
Event: 25.739 GC heap before
{Heap before GC invocations=13 (full 3):
 PSYoungGen      total 294912K, used 11480K [0x00000000d5580000, 0x00000000ea900000, 0x0000000100000000)
  eden space 274944K, 0% used [0x00000000d5580000,0x00000000d5580000,0x00000000e6200000)
  from space 19968K, 57% used [0x00000000e7500000,0x00000000e8036018,0x00000000e8880000)
  to   space 19456K, 0% used [0x00000000e6200000,0x00000000e6200000,0x00000000e7500000)
 ParOldGen       total 113664K, used 31979K [0x0000000080000000, 0x0000000086f00000, 0x00000000d5580000)
  object space 113664K, 28% used [0x0000000080000000,0x0000000081f3ad80,0x0000000086f00000)
 Metaspace       used 56497K, capacity 58984K, committed 59028K, reserved 1099776K
  class space    used 7670K, capacity 8177K, committed 8192K, reserved 1048576K
Event: 26.513 GC heap after
Heap after GC invocations=13 (full 3):
 PSYoungGen      total 294912K, used 0K [0x00000000d5580000, 0x00000000ea900000, 0x0000000100000000)
  eden space 274944K, 0% used [0x00000000d5580000,0x00000000d5580000,0x00000000e6200000)
  from space 19968K, 0% used [0x00000000e7500000,0x00000000e7500000,0x00000000e8880000)
  to   space 19456K, 0% used [0x00000000e6200000,0x00000000e6200000,0x00000000e7500000)
 ParOldGen       total 157696K, used 31063K [0x0000000080000000, 0x0000000089a00000, 0x00000000d5580000)
  object space 157696K, 19% used [0x0000000080000000,0x0000000081e55ec0,0x0000000089a00000)
 Metaspace       used 56466K, capacity 58882K, committed 59028K, reserved 1099776K
  class space    used 7660K, capacity 8160K, committed 8192K, reserved 1048576K
}
Event: 33.986 GC heap before
{Heap before GC invocations=14 (full 3):
 PSYoungGen      total 294912K, used 274944K [0x00000000d5580000, 0x00000000ea900000, 0x0000000100000000)
  eden space 274944K, 100% used [0x00000000d5580000,0x00000000e6200000,0x00000000e6200000)
  from space 19968K, 0% used [0x00000000e7500000,0x00000000e7500000,0x00000000e8880000)
  to   space 19456K, 0% used [0x00000000e6200000,0x00000000e6200000,0x00000000e7500000)
 ParOldGen       total 157696K, used 31063K [0x0000000080000000, 0x0000000089a00000, 0x00000000d5580000)
  object space 157696K, 19% used [0x0000000080000000,0x0000000081e55ec0,0x0000000089a00000)
 Metaspace       used 70759K, capacity 74256K, committed 74456K, reserved 1114112K
  class space    used 9789K, capacity 10435K, committed 10496K, reserved 1048576K
Event: 34.056 GC heap after
Heap after GC invocations=14 (full 3):
 PSYoungGen      total 294400K, used 19439K [0x00000000d5580000, 0x00000000ef080000, 0x0000000100000000)
  eden space 274944K, 0% used [0x00000000d5580000,0x00000000d5580000,0x00000000e6200000)
  from space 19456K, 99% used [0x00000000e6200000,0x00000000e74fbe50,0x00000000e7500000)
  to   space 23552K, 0% used [0x00000000ed980000,0x00000000ed980000,0x00000000ef080000)
 ParOldGen       total 157696K, used 35877K [0x0000000080000000, 0x0000000089a00000, 0x00000000d5580000)
  object space 157696K, 22% used [0x0000000080000000,0x00000000823094e8,0x0000000089a00000)
 Metaspace       used 70759K, capacity 74256K, committed 74456K, reserved 1114112K
  class space    used 9789K, capacity 10435K, committed 10496K, reserved 1048576K
}
Event: 44.582 GC heap before
{Heap before GC invocations=15 (full 3):
 PSYoungGen      total 294400K, used 294383K [0x00000000d5580000, 0x00000000ef080000, 0x0000000100000000)
  eden space 274944K, 100% used [0x00000000d5580000,0x00000000e6200000,0x00000000e6200000)
  from space 19456K, 99% used [0x00000000e6200000,0x00000000e74fbe50,0x00000000e7500000)
  to   space 23552K, 0% used [0x00000000ed980000,0x00000000ed980000,0x00000000ef080000)
 ParOldGen       total 157696K, used 35877K [0x0000000080000000, 0x0000000089a00000, 0x00000000d5580000)
  object space 157696K, 22% used [0x0000000080000000,0x00000000823094e8,0x0000000089a00000)
 Metaspace       used 72986K, capacity 76680K, committed 76760K, reserved 1116160K
  class space    used 9981K, capacity 10702K, committed 10752K, reserved 1048576K
Event: 44.610 GC heap after
Heap after GC invocations=15 (full 3):
 PSYoungGen      total 375808K, used 6740K [0x00000000d5580000, 0x00000000ee600000, 0x0000000100000000)
  eden space 363008K, 0% used [0x00000000d5580000,0x00000000d5580000,0x00000000eb800000)
  from space 12800K, 52% used [0x00000000ed980000,0x00000000ee015090,0x00000000ee600000)
  to   space 23552K, 0% used [0x00000000eb800000,0x00000000eb800000,0x00000000ecf00000)
 ParOldGen       total 157696K, used 49380K [0x0000000080000000, 0x0000000089a00000, 0x00000000d5580000)
  object space 157696K, 31% used [0x0000000080000000,0x0000000083039358,0x0000000089a00000)
 Metaspace       used 72986K, capacity 76680K, committed 76760K, reserved 1116160K
  class space    used 9981K, capacity 10702K, committed 10752K, reserved 1048576K
}
Event: 49.118 GC heap before
{Heap before GC invocations=16 (full 3):
 PSYoungGen      total 375808K, used 369748K [0x00000000d5580000, 0x00000000ee600000, 0x0000000100000000)
  eden space 363008K, 100% used [0x00000000d5580000,0x00000000eb800000,0x00000000eb800000)
  from space 12800K, 52% used [0x00000000ed980000,0x00000000ee015090,0x00000000ee600000)
  to   space 23552K, 0% used [0x00000000eb800000,0x00000000eb800000,0x00000000ecf00000)
 ParOldGen       total 157696K, used 49380K [0x0000000080000000, 0x0000000089a00000, 0x00000000d5580000)
  object space 157696K, 31% used [0x0000000080000000,0x0000000083039358,0x0000000089a00000)
 Metaspace       used 76306K, capacity 79994K, committed 80216K, reserved 1118208K
  class space    used 10364K, capacity 11068K, committed 11136K, reserved 1048576K
Event: 49.158 GC heap after
Heap after GC invocations=16 (full 3):
 PSYoungGen      total 386560K, used 22744K [0x00000000d5580000, 0x00000000f5180000, 0x0000000100000000)
  eden space 363008K, 0% used [0x00000000d5580000,0x00000000d5580000,0x00000000eb800000)
  from space 23552K, 96% used [0x00000000eb800000,0x00000000ece36080,0x00000000ecf00000)
  to   space 26624K, 0% used [0x00000000f3780000,0x00000000f3780000,0x00000000f5180000)
 ParOldGen       total 157696K, used 53836K [0x0000000080000000, 0x0000000089a00000, 0x00000000d5580000)
  object space 157696K, 34% used [0x0000000080000000,0x0000000083493178,0x0000000089a00000)
 Metaspace       used 76306K, capacity 79994K, committed 80216K, reserved 1118208K
  class space    used 10364K, capacity 11068K, committed 11136K, reserved 1048576K
}

